<?xml version="1.0" encoding="UTF-8"?>
<!-- Generated by org.testng.reporters.JUnitXMLReporter -->
<testsuite hostname="DESKTOP-QRJJO3L" ignored="0" name="Test" tests="2" failures="2" timestamp="12 Aug 2018 22:53:59 GMT" time="17.892" errors="0">
  <testcase name="@AfterTest tearDown" time="0.0" classname="com.tests.LoginTest">
    <failure type="java.lang.NullPointerException">
      <![CDATA[java.lang.NullPointerException
at com.tests.LoginTest.tearDown(LoginTest.java:43)
... Removed 24 stack frames]]>
    </failure>
  </testcase> <!-- @AfterTest tearDown -->
  <testcase name="FreeCRMLogoTest" time="0.012" classname="com.tests.LoginTest">
    <failure type="java.lang.NullPointerException">
      <![CDATA[java.lang.NullPointerException
at com.tests.LoginTest.FreeCRMLogoTest(LoginTest.java:37)
... Removed 25 stack frames]]>
    </failure>
  </testcase> <!-- FreeCRMLogoTest -->
  <testcase name="getTitle" time="0.003" classname="com.tests.LoginTest">
    <failure type="java.lang.NullPointerException">
      <![CDATA[java.lang.NullPointerException
at com.tests.LoginTest.getTitle(LoginTest.java:31)
... Removed 25 stack frames]]>
    </failure>
  </testcase> <!-- getTitle -->
</testsuite> <!-- Test -->
